{"C:\\react-projects\\checkcar\\backend-ts2\\src\\data\\usecases\\add-account\\db-add-account.ts": {"path":"C:\\react-projects\\checkcar\\backend-ts2\\src\\data\\usecases\\add-account\\db-add-account.ts","statementMap":{"0":{"start":{"line":9,"column":4},"end":{"line":9,"column":null}},"1":{"start":{"line":10,"column":4},"end":{"line":10,"column":null}},"2":{"start":{"line":14,"column":27},"end":{"line":14,"column":77}},"3":{"start":{"line":15,"column":20},"end":{"line":15,"column":117}},"4":{"start":{"line":16,"column":4},"end":{"line":16,"column":null}},"5":{"start":{"line":16,"column":34},"end":{"line":16,"column":50}},"6":{"start":{"line":4,"column":0},"end":{"line":4,"column":13}}},"fnMap":{"0":{"name":"(anonymous_0)","decl":{"start":{"line":8,"column":2},"end":{"line":8,"column":14}},"loc":{"start":{"line":8,"column":78},"end":{"line":11,"column":3}}},"1":{"name":"(anonymous_1)","decl":{"start":{"line":13,"column":2},"end":{"line":13,"column":7}},"loc":{"start":{"line":13,"column":40},"end":{"line":17,"column":3}}},"2":{"name":"(anonymous_2)","decl":{"start":{"line":16,"column":23},"end":{"line":16,"column":30}},"loc":{"start":{"line":16,"column":34},"end":{"line":16,"column":50}}}},"branchMap":{},"s":{"0":5,"1":5,"2":5,"3":4,"4":3,"5":3,"6":5},"f":{"0":5,"1":5,"2":3},"b":{}}
,"C:\\react-projects\\checkcar\\backend-ts2\\src\\infra\\criptography\\bcrypt-adapter.ts": {"path":"C:\\react-projects\\checkcar\\backend-ts2\\src\\infra\\criptography\\bcrypt-adapter.ts","statementMap":{"0":{"start":{"line":1,"column":0},"end":{"line":1,"column":27}},"1":{"start":{"line":8,"column":4},"end":{"line":8,"column":null}},"2":{"start":{"line":12,"column":17},"end":{"line":12,"column":52}},"3":{"start":{"line":13,"column":4},"end":{"line":13,"column":null}},"4":{"start":{"line":4,"column":0},"end":{"line":4,"column":13}}},"fnMap":{"0":{"name":"(anonymous_1)","decl":{"start":{"line":7,"column":2},"end":{"line":7,"column":14}},"loc":{"start":{"line":7,"column":26},"end":{"line":9,"column":3}}},"1":{"name":"(anonymous_2)","decl":{"start":{"line":11,"column":2},"end":{"line":11,"column":7}},"loc":{"start":{"line":11,"column":29},"end":{"line":14,"column":3}}}},"branchMap":{},"s":{"0":5,"1":3,"2":3,"3":2,"4":5},"f":{"0":3,"1":3},"b":{}}
,"C:\\react-projects\\checkcar\\backend-ts2\\src\\infra\\db\\mongodb\\account-repository\\account.ts": {"path":"C:\\react-projects\\checkcar\\backend-ts2\\src\\infra\\db\\mongodb\\account-repository\\account.ts","statementMap":{"0":{"start":{"line":4,"column":0},"end":{"line":4,"column":53}},"1":{"start":{"line":8,"column":30},"end":{"line":8,"column":73}},"2":{"start":{"line":9,"column":19},"end":{"line":9,"column":65}},"3":{"start":{"line":10,"column":4},"end":{"line":10,"column":null}},"4":{"start":{"line":6,"column":0},"end":{"line":6,"column":13}}},"fnMap":{"0":{"name":"(anonymous_0)","decl":{"start":{"line":7,"column":2},"end":{"line":7,"column":7}},"loc":{"start":{"line":7,"column":40},"end":{"line":11,"column":3}}}},"branchMap":{},"s":{"0":5,"1":1,"2":1,"3":1,"4":5},"f":{"0":1},"b":{}}
,"C:\\react-projects\\checkcar\\backend-ts2\\src\\infra\\db\\mongodb\\helpers\\mongo-helper.ts": {"path":"C:\\react-projects\\checkcar\\backend-ts2\\src\\infra\\db\\mongodb\\helpers\\mongo-helper.ts","statementMap":{"0":{"start":{"line":1,"column":0},"end":{"line":1,"column":49}},"1":{"start":{"line":3,"column":13},"end":{"line":30,"column":null}},"2":{"start":{"line":8,"column":4},"end":{"line":8,"column":null}},"3":{"start":{"line":9,"column":4},"end":{"line":12,"column":null}},"4":{"start":{"line":16,"column":4},"end":{"line":16,"column":null}},"5":{"start":{"line":20,"column":4},"end":{"line":22,"column":null}},"6":{"start":{"line":21,"column":6},"end":{"line":21,"column":null}},"7":{"start":{"line":23,"column":4},"end":{"line":23,"column":null}},"8":{"start":{"line":27,"column":41},"end":{"line":27,"column":51}},"9":{"start":{"line":28,"column":4},"end":{"line":28,"column":null}}},"fnMap":{"0":{"name":"(anonymous_0)","decl":{"start":{"line":7,"column":2},"end":{"line":7,"column":7}},"loc":{"start":{"line":7,"column":27},"end":{"line":13,"column":3}}},"1":{"name":"(anonymous_1)","decl":{"start":{"line":15,"column":2},"end":{"line":15,"column":7}},"loc":{"start":{"line":15,"column":18},"end":{"line":17,"column":3}}},"2":{"name":"(anonymous_2)","decl":{"start":{"line":19,"column":2},"end":{"line":19,"column":7}},"loc":{"start":{"line":19,"column":34},"end":{"line":24,"column":3}}},"3":{"name":"(anonymous_3)","decl":{"start":{"line":26,"column":2},"end":{"line":26,"column":5}},"loc":{"start":{"line":26,"column":21},"end":{"line":29,"column":3}}}},"branchMap":{"0":{"loc":{"start":{"line":20,"column":4},"end":{"line":22,"column":null}},"type":"if","locations":[{"start":{"line":20,"column":4},"end":{"line":22,"column":null}},{"start":{"line":20,"column":4},"end":{"line":22,"column":null}}]},"1":{"loc":{"start":{"line":20,"column":20},"end":{"line":20,"column":22}},"type":"cond-expr","locations":[{"start":{"line":20,"column":20},"end":{"line":20,"column":22}},{"start":{"line":20,"column":20},"end":{"line":20,"column":35}}]},"2":{"loc":{"start":{"line":20,"column":8},"end":{"line":20,"column":22}},"type":"binary-expr","locations":[{"start":{"line":20,"column":8},"end":{"line":20,"column":22}},{"start":{"line":20,"column":20},"end":{"line":20,"column":22}}]}},"s":{"0":7,"1":7,"2":5,"3":5,"4":5,"5":7,"6":1,"7":7,"8":1,"9":1},"f":{"0":5,"1":5,"2":7,"3":1},"b":{"0":[1,6],"1":[0,7],"2":[7,7]}}
,"C:\\react-projects\\checkcar\\backend-ts2\\src\\infra\\db\\mongodb\\log-repository\\log.ts": {"path":"C:\\react-projects\\checkcar\\backend-ts2\\src\\infra\\db\\mongodb\\log-repository\\log.ts","statementMap":{"0":{"start":{"line":2,"column":0},"end":{"line":2,"column":53}},"1":{"start":{"line":6,"column":28},"end":{"line":6,"column":69}},"2":{"start":{"line":7,"column":4},"end":{"line":10,"column":null}},"3":{"start":{"line":4,"column":0},"end":{"line":4,"column":13}}},"fnMap":{"0":{"name":"(anonymous_0)","decl":{"start":{"line":5,"column":2},"end":{"line":5,"column":7}},"loc":{"start":{"line":5,"column":30},"end":{"line":11,"column":3}}}},"branchMap":{},"s":{"0":5,"1":1,"2":1,"3":5},"f":{"0":1},"b":{}}
,"C:\\react-projects\\checkcar\\backend-ts2\\src\\presentation\\controllers\\login\\login.ts": {"path":"C:\\react-projects\\checkcar\\backend-ts2\\src\\presentation\\controllers\\login\\login.ts","statementMap":{"0":{"start":{"line":1,"column":0},"end":{"line":1,"column":48}},"1":{"start":{"line":2,"column":0},"end":{"line":2,"column":54}},"2":{"start":{"line":7,"column":4},"end":{"line":7,"column":null}},"3":{"start":{"line":7,"column":34},"end":{"line":7,"column":85}},"4":{"start":{"line":5,"column":0},"end":{"line":5,"column":13}}},"fnMap":{"0":{"name":"(anonymous_0)","decl":{"start":{"line":6,"column":2},"end":{"line":6,"column":7}},"loc":{"start":{"line":6,"column":39},"end":{"line":8,"column":3}}},"1":{"name":"(anonymous_1)","decl":{"start":{"line":7,"column":23},"end":{"line":7,"column":30}},"loc":{"start":{"line":7,"column":34},"end":{"line":7,"column":85}}}},"branchMap":{},"s":{"0":0,"1":0,"2":0,"3":0,"4":0},"f":{"0":0,"1":0},"b":{}}
,"C:\\react-projects\\checkcar\\backend-ts2\\src\\presentation\\controllers\\signup\\signup.ts": {"path":"C:\\react-projects\\checkcar\\backend-ts2\\src\\presentation\\controllers\\signup\\signup.ts","statementMap":{"0":{"start":{"line":2,"column":0},"end":{"line":2,"column":67}},"1":{"start":{"line":3,"column":0},"end":{"line":3,"column":71}},"2":{"start":{"line":10,"column":4},"end":{"line":10,"column":null}},"3":{"start":{"line":11,"column":4},"end":{"line":11,"column":null}},"4":{"start":{"line":15,"column":4},"end":{"line":41,"column":null}},"5":{"start":{"line":16,"column":29},"end":{"line":16,"column":82}},"6":{"start":{"line":18,"column":6},"end":{"line":22,"column":null}},"7":{"start":{"line":19,"column":8},"end":{"line":21,"column":null}},"8":{"start":{"line":20,"column":10},"end":{"line":20,"column":null}},"9":{"start":{"line":24,"column":62},"end":{"line":24,"column":78}},"10":{"start":{"line":25,"column":6},"end":{"line":27,"column":null}},"11":{"start":{"line":26,"column":8},"end":{"line":26,"column":null}},"12":{"start":{"line":29,"column":22},"end":{"line":29,"column":56}},"13":{"start":{"line":30,"column":6},"end":{"line":32,"column":null}},"14":{"start":{"line":31,"column":8},"end":{"line":31,"column":null}},"15":{"start":{"line":33,"column":22},"end":{"line":37,"column":8}},"16":{"start":{"line":38,"column":6},"end":{"line":38,"column":null}},"17":{"start":{"line":40,"column":6},"end":{"line":40,"column":null}},"18":{"start":{"line":5,"column":0},"end":{"line":5,"column":13}}},"fnMap":{"0":{"name":"(anonymous_0)","decl":{"start":{"line":9,"column":2},"end":{"line":9,"column":14}},"loc":{"start":{"line":9,"column":68},"end":{"line":12,"column":3}}},"1":{"name":"(anonymous_1)","decl":{"start":{"line":14,"column":2},"end":{"line":14,"column":7}},"loc":{"start":{"line":14,"column":39},"end":{"line":42,"column":3}}}},"branchMap":{"0":{"loc":{"start":{"line":19,"column":8},"end":{"line":21,"column":null}},"type":"if","locations":[{"start":{"line":19,"column":8},"end":{"line":21,"column":null}},{"start":{"line":19,"column":8},"end":{"line":21,"column":null}}]},"1":{"loc":{"start":{"line":25,"column":6},"end":{"line":27,"column":null}},"type":"if","locations":[{"start":{"line":25,"column":6},"end":{"line":27,"column":null}},{"start":{"line":25,"column":6},"end":{"line":27,"column":null}}]},"2":{"loc":{"start":{"line":30,"column":6},"end":{"line":32,"column":null}},"type":"if","locations":[{"start":{"line":30,"column":6},"end":{"line":32,"column":null}},{"start":{"line":30,"column":6},"end":{"line":32,"column":null}}]}},"s":{"0":5,"1":5,"2":11,"3":11,"4":11,"5":11,"6":11,"7":38,"8":4,"9":7,"10":7,"11":1,"12":6,"13":5,"14":1,"15":4,"16":3,"17":2,"18":5},"f":{"0":11,"1":11},"b":{"0":[4,34],"1":[1,6],"2":[1,4]}}
,"C:\\react-projects\\checkcar\\backend-ts2\\src\\presentation\\errors\\index.ts": {"path":"C:\\react-projects\\checkcar\\backend-ts2\\src\\presentation\\errors\\index.ts","statementMap":{"0":{"start":{"line":1,"column":0},"end":{"line":1,"column":37}},"1":{"start":{"line":2,"column":0},"end":{"line":2,"column":37}},"2":{"start":{"line":3,"column":0},"end":{"line":3,"column":30}}},"fnMap":{},"branchMap":{},"s":{"0":5,"1":5,"2":5},"f":{},"b":{}}
,"C:\\react-projects\\checkcar\\backend-ts2\\src\\presentation\\errors\\invalid-param-error.ts": {"path":"C:\\react-projects\\checkcar\\backend-ts2\\src\\presentation\\errors\\invalid-param-error.ts","statementMap":{"0":{"start":{"line":3,"column":4},"end":{"line":3,"column":null}},"1":{"start":{"line":4,"column":4},"end":{"line":4,"column":null}},"2":{"start":{"line":1,"column":0},"end":{"line":1,"column":13}}},"fnMap":{"0":{"name":"(anonymous_0)","decl":{"start":{"line":2,"column":2},"end":{"line":2,"column":14}},"loc":{"start":{"line":2,"column":31},"end":{"line":5,"column":3}}}},"branchMap":{},"s":{"0":4,"1":4,"2":5},"f":{"0":4},"b":{}}
,"C:\\react-projects\\checkcar\\backend-ts2\\src\\presentation\\errors\\missing-param-error.ts": {"path":"C:\\react-projects\\checkcar\\backend-ts2\\src\\presentation\\errors\\missing-param-error.ts","statementMap":{"0":{"start":{"line":3,"column":4},"end":{"line":3,"column":null}},"1":{"start":{"line":4,"column":4},"end":{"line":4,"column":null}},"2":{"start":{"line":1,"column":0},"end":{"line":1,"column":13}}},"fnMap":{"0":{"name":"(anonymous_0)","decl":{"start":{"line":2,"column":2},"end":{"line":2,"column":14}},"loc":{"start":{"line":2,"column":31},"end":{"line":5,"column":3}}}},"branchMap":{},"s":{"0":8,"1":8,"2":5},"f":{"0":8},"b":{}}
,"C:\\react-projects\\checkcar\\backend-ts2\\src\\presentation\\errors\\server-error.ts": {"path":"C:\\react-projects\\checkcar\\backend-ts2\\src\\presentation\\errors\\server-error.ts","statementMap":{"0":{"start":{"line":3,"column":4},"end":{"line":3,"column":null}},"1":{"start":{"line":4,"column":4},"end":{"line":4,"column":null}},"2":{"start":{"line":5,"column":4},"end":{"line":5,"column":null}},"3":{"start":{"line":1,"column":0},"end":{"line":1,"column":13}}},"fnMap":{"0":{"name":"(anonymous_0)","decl":{"start":{"line":2,"column":2},"end":{"line":2,"column":14}},"loc":{"start":{"line":2,"column":27},"end":{"line":6,"column":3}}}},"branchMap":{},"s":{"0":6,"1":6,"2":6,"3":5},"f":{"0":6},"b":{}}
,"C:\\react-projects\\checkcar\\backend-ts2\\src\\presentation\\helpers\\http-helper.ts": {"path":"C:\\react-projects\\checkcar\\backend-ts2\\src\\presentation\\helpers\\http-helper.ts","statementMap":{"0":{"start":{"line":2,"column":0},"end":{"line":2,"column":39}},"1":{"start":{"line":4,"column":13},"end":{"line":7,"column":null}},"2":{"start":{"line":4,"column":59},"end":{"line":7,"column":2}},"3":{"start":{"line":9,"column":13},"end":{"line":12,"column":null}},"4":{"start":{"line":9,"column":60},"end":{"line":12,"column":2}},"5":{"start":{"line":14,"column":13},"end":{"line":17,"column":null}},"6":{"start":{"line":14,"column":48},"end":{"line":17,"column":2}}},"fnMap":{"0":{"name":"(anonymous_0)","decl":{"start":{"line":4,"column":26},"end":{"line":4,"column":27}},"loc":{"start":{"line":4,"column":59},"end":{"line":7,"column":2}}},"1":{"name":"(anonymous_1)","decl":{"start":{"line":9,"column":27},"end":{"line":9,"column":28}},"loc":{"start":{"line":9,"column":60},"end":{"line":12,"column":2}}},"2":{"name":"(anonymous_2)","decl":{"start":{"line":14,"column":18},"end":{"line":14,"column":19}},"loc":{"start":{"line":14,"column":48},"end":{"line":17,"column":2}}}},"branchMap":{},"s":{"0":5,"1":5,"2":12,"3":5,"4":4,"5":5,"6":4},"f":{"0":12,"1":4,"2":4},"b":{}}
,"C:\\react-projects\\checkcar\\backend-ts2\\src\\utils\\email-validator-adapter.ts": {"path":"C:\\react-projects\\checkcar\\backend-ts2\\src\\utils\\email-validator-adapter.ts","statementMap":{"0":{"start":{"line":2,"column":0},"end":{"line":2,"column":33}},"1":{"start":{"line":6,"column":4},"end":{"line":6,"column":null}},"2":{"start":{"line":4,"column":0},"end":{"line":4,"column":13}}},"fnMap":{"0":{"name":"(anonymous_1)","decl":{"start":{"line":5,"column":2},"end":{"line":5,"column":9}},"loc":{"start":{"line":5,"column":23},"end":{"line":7,"column":3}}}},"branchMap":{},"s":{"0":5,"1":3,"2":5},"f":{"0":3},"b":{}}
}
